# JRE version: OpenJDK Runtime Environment (11.0.12+7) (build 11.0.12+7-b1504.28-7817840)
# Java VM: OpenJDK 64-Bit Server VM (11.0.12+7-b1504.28-7817840, mixed mode, tiered, compressed oops, g1 gc, windows-amd64)
Heap:
 garbage-first heap   total 260096K, used 66730K [0x0000000080000000, 0x0000000100000000)
  region size 1024K, 25 young (25600K), 3 survivors (3072K)
 Metaspace       used 61231K, capacity 62590K, committed 62720K, reserved 1103872K
  class space    used 7789K, capacity 8346K, committed 8448K, reserved 1048576K
GC Heap History (14 events):
Event: 0.607 GC heap before
{Heap before GC invocations=0 (full 0):
 garbage-first heap   total 260096K, used 29696K [0x0000000080000000, 0x0000000100000000)
  region size 1024K, 24 young (24576K), 0 survivors (0K)
 Metaspace       used 10179K, capacity 10403K, committed 10624K, reserved 1058816K
  class space    used 1060K, capacity 1106K, committed 1152K, reserved 1048576K
}
Event: 0.612 GC heap after
{Heap after GC invocations=1 (full 0):
 garbage-first heap   total 260096K, used 9378K [0x0000000080000000, 0x0000000100000000)
  region size 1024K, 3 young (3072K), 3 survivors (3072K)
 Metaspace       used 10179K, capacity 10403K, committed 10624K, reserved 1058816K
  class space    used 1060K, capacity 1106K, committed 1152K, reserved 1048576K
}
Event: 2.479 GC heap before
{Heap before GC invocations=1 (full 0):
 garbage-first heap   total 260096K, used 112802K [0x0000000080000000, 0x0000000100000000)
  region size 1024K, 105 young (107520K), 3 survivors (3072K)
 Metaspace       used 20655K, capacity 21085K, committed 21248K, reserved 1067008K
  class space    used 2544K, capacity 2712K, committed 2816K, reserved 1048576K
}
Event: 2.490 GC heap after
{Heap after GC invocations=2 (full 0):
 garbage-first heap   total 260096K, used 17225K [0x0000000080000000, 0x0000000100000000)
  region size 1024K, 11 young (11264K), 11 survivors (11264K)
 Metaspace       used 20655K, capacity 21085K, committed 21248K, reserved 1067008K
  class space    used 2544K, capacity 2712K, committed 2816K, reserved 1048576K
}
Event: 2.895 GC heap before
{Heap before GC invocations=3 (full 0):
 garbage-first heap   total 260096K, used 58185K [0x0000000080000000, 0x0000000100000000)
  region size 1024K, 52 young (53248K), 11 survivors (11264K)
 Metaspace       used 24913K, capacity 25531K, committed 25728K, reserved 1071104K
  class space    used 3188K, capacity 3390K, committed 3456K, reserved 1048576K
}
Event: 2.901 GC heap after
{Heap after GC invocations=4 (full 0):
 garbage-first heap   total 260096K, used 18591K [0x0000000080000000, 0x0000000100000000)
  region size 1024K, 2 young (2048K), 2 survivors (2048K)
 Metaspace       used 24913K, capacity 25531K, committed 25728K, reserved 1071104K
  class space    used 3188K, capacity 3390K, committed 3456K, reserved 1048576K
}
Event: 3.816 GC heap before
{Heap before GC invocations=4 (full 0):
 garbage-first heap   total 260096K, used 90271K [0x0000000080000000, 0x0000000100000000)
  region size 1024K, 73 young (74752K), 2 survivors (2048K)
 Metaspace       used 34908K, capacity 35726K, committed 35840K, reserved 1081344K
  class space    used 4533K, capacity 4839K, committed 4864K, reserved 1048576K
}
Event: 3.826 GC heap after
{Heap after GC invocations=5 (full 0):
 garbage-first heap   total 260096K, used 22059K [0x0000000080000000, 0x0000000100000000)
  region size 1024K, 6 young (6144K), 6 survivors (6144K)
 Metaspace       used 34908K, capacity 35726K, committed 35840K, reserved 1081344K
  class space    used 4533K, capacity 4839K, committed 4864K, reserved 1048576K
}
Event: 5.186 GC heap before
{Heap before GC invocations=6 (full 0):
 garbage-first heap   total 260096K, used 135723K [0x0000000080000000, 0x0000000100000000)
  region size 1024K, 114 young (116736K), 6 survivors (6144K)
 Metaspace       used 44709K, capacity 45678K, committed 45824K, reserved 1089536K
  class space    used 5722K, capacity 6094K, committed 6144K, reserved 1048576K
}
Event: 5.194 GC heap after
{Heap after GC invocations=7 (full 0):
 garbage-first heap   total 260096K, used 29357K [0x0000000080000000, 0x0000000100000000)
  region size 1024K, 13 young (13312K), 13 survivors (13312K)
 Metaspace       used 44709K, capacity 45678K, committed 45824K, reserved 1089536K
  class space    used 5722K, capacity 6094K, committed 6144K, reserved 1048576K
}
Event: 6.624 GC heap before
{Heap before GC invocations=7 (full 0):
 garbage-first heap   total 260096K, used 168621K [0x0000000080000000, 0x0000000100000000)
  region size 1024K, 146 young (149504K), 13 survivors (13312K)
 Metaspace       used 53677K, capacity 54992K, committed 55296K, reserved 1097728K
  class space    used 6857K, capacity 7374K, committed 7424K, reserved 1048576K
}
Event: 6.634 GC heap after
{Heap after GC invocations=8 (full 0):
 garbage-first heap   total 260096K, used 43580K [0x0000000080000000, 0x0000000100000000)
  region size 1024K, 18 young (18432K), 18 survivors (18432K)
 Metaspace       used 53677K, capacity 54992K, committed 55296K, reserved 1097728K
  class space    used 6857K, capacity 7374K, committed 7424K, reserved 1048576K
}
Event: 7.229 GC heap before
{Heap before GC invocations=8 (full 0):
 garbage-first heap   total 260096K, used 76348K [0x0000000080000000, 0x0000000100000000)
  region size 1024K, 51 young (52224K), 18 survivors (18432K)
 Metaspace       used 58406K, capacity 59727K, committed 59948K, reserved 1101824K
  class space    used 7448K, capacity 7946K, committed 8064K, reserved 1048576K
}
Event: 7.245 GC heap after
{Heap after GC invocations=9 (full 0):
 garbage-first heap   total 260096K, used 46250K [0x0000000080000000, 0x0000000100000000)
  region size 1024K, 3 young (3072K), 3 survivors (3072K)
 Metaspace       used 58406K, capacity 59727K, committed 59948K, reserved 1101824K
  class space    used 7448K, capacity 7946K, committed 8064K, reserved 1048576K
}

